<?xml version="1.0" encoding="UTF-8"?>
<!-- Generated by org.testng.reporters.JUnitReportReporter -->
<testsuite hostname="Kedar" failures="0" tests="1" name="com.mytest.testscript.EndToEndTest" time="91.093" errors="0" timestamp="2023-01-17T18:57:37 IST" skipped="0">
  <testcase classname="com.mytest.testscript.EndToEndTest" name="endToEndTest" time="91.093"/>
  <system-out/>
</testsuite> <!-- com.mytest.testscript.EndToEndTest -->
