<?xml version="1.0" encoding="UTF-8"?>
<!-- Generated by org.testng.reporters.JUnitReportReporter -->
<testsuite hostname="Kedar" failures="0" tests="1" name="com.mytest.testscript.DashBoardPageTest" time="118.895" errors="0" timestamp="2023-01-27T09:29:30 IST" skipped="0">
  <testcase classname="com.mytest.testscript.DashBoardPageTest" name="TC_002_CreateticketTest" time="118.895"/>
  <system-out/>
</testsuite> <!-- com.mytest.testscript.DashBoardPageTest -->
